<?xml version="1.0" encoding="UTF-8"?>
<!-- Generated by org.testng.reporters.JUnitReportReporter -->
<testsuite skipped="0" hostname="Amar" name="com.sdet2.practice.Debug" tests="1" failures="0" timestamp="2021-12-21T17:34:30 IST" time="0.022" errors="0">
  <testcase name="login" time="0.022" classname="com.sdet2.practice.Debug"/>
  <system-out/>
</testsuite> <!-- com.sdet2.practice.Debug -->
