<?xml version="1.0" encoding="UTF-8"?>
<!-- Generated by org.testng.reporters.JUnitReportReporter -->
<testsuite skipped="0" hostname="Amar" name="com.sdet2.practice.Sample" tests="2" failures="0" timestamp="2021-12-02T11:19:16 IST" time="0.014" errors="0">
  <testcase name="TYSS" time="0.011" classname="com.sdet2.practice.Sample"/>
  <system-out/>
  <testcase name="RMG" time="0.003" classname="com.sdet2.practice.Sample"/>
  <system-out/>
</testsuite> <!-- com.sdet2.practice.Sample -->
