<?xml version="1.0" encoding="UTF-8"?>
<!-- Generated by org.testng.reporters.JUnitReportReporter -->
<testsuite skipped="0" hostname="Amar" name="com.sdet2.practice.Calendar" tests="5" failures="0" timestamp="2021-12-21T15:22:41 IST" time="0.053" errors="0">
  <testcase name="testCity" time="0.005" classname="com.sdet2.practice.Calendar"/>
  <system-out/>
  <testcase name="testCity" time="0.011" classname="com.sdet2.practice.Calendar"/>
  <system-out/>
  <testcase name="testCity" time="0.010" classname="com.sdet2.practice.Calendar"/>
  <system-out/>
  <testcase name="testCity" time="0.018" classname="com.sdet2.practice.Calendar"/>
  <system-out/>
  <testcase name="testCity" time="0.009" classname="com.sdet2.practice.Calendar"/>
  <system-out/>
</testsuite> <!-- com.sdet2.practice.Calendar -->
