<?xml version="1.0" encoding="UTF-8"?>
<!-- Generated by org.testng.reporters.JUnitReportReporter -->
<testsuite skipped="1" hostname="Amar" name="com.sdet2.practice.DtaProvider" tests="1" failures="0" timestamp="2021-12-01T19:02:57 IST" time="0.000" errors="0">
  <testcase name="Sample" time="0.000" classname="com.sdet2.practice.DtaProvider">
    <skipped/>
  </testcase> <!-- Sample -->
  <system-out/>
</testsuite> <!-- com.sdet2.practice.DtaProvider -->
