<?xml version="1.0" encoding="UTF-8"?>
<!-- Generated by org.testng.reporters.JUnitReportReporter -->
<testsuite skipped="0" hostname="Amar" name="com.sdet2.practice.NewDataProvoder" tests="4" failures="0" timestamp="2021-12-09T12:16:57 IST" time="0.047" errors="0">
  <testcase name="print" time="0.006" classname="com.sdet2.practice.NewDataProvoder"/>
  <system-out/>
  <testcase name="print" time="0.023" classname="com.sdet2.practice.NewDataProvoder"/>
  <system-out/>
  <testcase name="print" time="0.010" classname="com.sdet2.practice.NewDataProvoder"/>
  <system-out/>
  <testcase name="print" time="0.008" classname="com.sdet2.practice.NewDataProvoder"/>
  <system-out/>
</testsuite> <!-- com.sdet2.practice.NewDataProvoder -->
