<?xml version="1.0" encoding="UTF-8"?>
<!-- Generated by org.testng.reporters.JUnitReportReporter -->
<testsuite skipped="0" hostname="Amar" name="com.sdet2.practice.DtaProvider" tests="5" failures="0" timestamp="2021-12-21T15:28:22 IST" time="0.082" errors="0">
  <testcase name="Sample" time="0.019" classname="com.sdet2.practice.DtaProvider"/>
  <system-out/>
  <testcase name="Sample" time="0.020" classname="com.sdet2.practice.DtaProvider"/>
  <system-out/>
  <testcase name="Sample" time="0.008" classname="com.sdet2.practice.DtaProvider"/>
  <system-out/>
  <testcase name="Sample" time="0.028" classname="com.sdet2.practice.DtaProvider"/>
  <system-out/>
  <testcase name="Sample" time="0.007" classname="com.sdet2.practice.DtaProvider"/>
  <system-out/>
</testsuite> <!-- com.sdet2.practice.DtaProvider -->
