<?xml version="1.0" encoding="UTF-8"?>
<!-- Generated by org.testng.reporters.JUnitReportReporter -->
<testsuite skipped="0" hostname="Amar" name="com.sdet2.practice.SampleTest" tests="1" failures="0" timestamp="2021-12-16T16:01:56 IST" time="0.056" errors="0">
  <testcase name="test1" time="0.056" classname="com.sdet2.practice.SampleTest"/>
  <system-out/>
</testsuite> <!-- com.sdet2.practice.SampleTest -->
