<?xml version="1.0" encoding="UTF-8"?>
<!-- Generated by org.testng.reporters.JUnitReportReporter -->
<testsuite skipped="0" hostname="Amar" name="com.sdet2.practice.Sample" tests="3" failures="0" timestamp="2021-12-13T11:24:02 IST" time="0.033" errors="0">
  <testcase name="test2" time="0.027" classname="com.sdet2.practice.Sample"/>
  <system-out/>
  <testcase name="test1" time="0.003" classname="com.sdet2.practice.Sample"/>
  <system-out/>
  <testcase name="test3" time="0.003" classname="com.sdet2.practice.Sample"/>
  <system-out/>
</testsuite> <!-- com.sdet2.practice.Sample -->
