<?xml version="1.0" encoding="UTF-8"?>
<!-- Generated by org.testng.reporters.JUnitReportReporter -->
<testsuite skipped="0" hostname="Amar" name="com.sdet2.practice.DtaProvider2" tests="5" failures="0" timestamp="2021-12-09T12:48:58 IST" time="0.047" errors="0">
  <testcase name="Sample" time="0.005" classname="com.sdet2.practice.DtaProvider2"/>
  <system-out/>
  <testcase name="Sample" time="0.005" classname="com.sdet2.practice.DtaProvider2"/>
  <system-out/>
  <testcase name="Sample" time="0.025" classname="com.sdet2.practice.DtaProvider2"/>
  <system-out/>
  <testcase name="Sample" time="0.008" classname="com.sdet2.practice.DtaProvider2"/>
  <system-out/>
  <testcase name="Sample" time="0.004" classname="com.sdet2.practice.DtaProvider2"/>
  <system-out/>
</testsuite> <!-- com.sdet2.practice.DtaProvider2 -->
