<?xml version="1.0" encoding="UTF-8"?>
<!-- Generated by org.testng.reporters.JUnitReportReporter -->
<testsuite skipped="0" hostname="Amar" name="com.sdet2.practice.SampleTest" tests="1" failures="0" timestamp="2021-12-10T11:38:30 IST" time="16.444" errors="0">
  <testcase name="cmdlineparameter" time="16.444" classname="com.sdet2.practice.SampleTest"/>
  <system-out/>
</testsuite> <!-- com.sdet2.practice.SampleTest -->
